# JRE version: OpenJDK Runtime Environment (11.0.2+9) (build 11.0.2+9)
# Java VM: OpenJDK 64-Bit Server VM (11.0.2+9, mixed mode, tiered, compressed oops, g1 gc, windows-amd64)
Heap:
 garbage-first heap   total 194560K, used 101380K [0x0000000740000000, 0x0000000800000000)
  region size 1024K, 20 young (20480K), 1 survivors (1024K)
 Metaspace       used 91252K, capacity 92406K, committed 95620K, reserved 1130496K
  class space    used 12213K, capacity 12740K, committed 13900K, reserved 1048576K
GC Heap History (10 events):
Event: 4530.801 GC heap before
{Heap before GC invocations=227 (full 16):
 garbage-first heap   total 194560K, used 142835K [0x0000000740000000, 0x0000000800000000)
  region size 1024K, 60 young (61440K), 1 survivors (1024K)
 Metaspace       used 91061K, capacity 92277K, committed 95620K, reserved 1130496K
  class space    used 12206K, capacity 12740K, committed 13900K, reserved 1048576K
}
Event: 4530.804 GC heap after
{Heap after GC invocations=228 (full 16):
 garbage-first heap   total 194560K, used 82424K [0x0000000740000000, 0x0000000800000000)
  region size 1024K, 1 young (1024K), 1 survivors (1024K)
 Metaspace       used 91061K, capacity 92277K, committed 95620K, reserved 1130496K
  class space    used 12206K, capacity 12740K, committed 13900K, reserved 1048576K
}
Event: 4589.968 GC heap before
{Heap before GC invocations=229 (full 16):
 garbage-first heap   total 194560K, used 142840K [0x0000000740000000, 0x0000000800000000)
  region size 1024K, 60 young (61440K), 1 survivors (1024K)
 Metaspace       used 91075K, capacity 92277K, committed 95620K, reserved 1130496K
  class space    used 12206K, capacity 12740K, committed 13900K, reserved 1048576K
}
Event: 4589.971 GC heap after
{Heap after GC invocations=230 (full 16):
 garbage-first heap   total 194560K, used 82453K [0x0000000740000000, 0x0000000800000000)
  region size 1024K, 1 young (1024K), 1 survivors (1024K)
 Metaspace       used 91075K, capacity 92277K, committed 95620K, reserved 1130496K
  class space    used 12206K, capacity 12740K, committed 13900K, reserved 1048576K
}
Event: 4639.812 GC heap before
{Heap before GC invocations=230 (full 16):
 garbage-first heap   total 194560K, used 142869K [0x0000000740000000, 0x0000000800000000)
  region size 1024K, 60 young (61440K), 1 survivors (1024K)
 Metaspace       used 91093K, capacity 92277K, committed 95620K, reserved 1130496K
  class space    used 12206K, capacity 12740K, committed 13900K, reserved 1048576K
}
Event: 4639.814 GC heap after
{Heap after GC invocations=231 (full 16):
 garbage-first heap   total 194560K, used 82735K [0x0000000740000000, 0x0000000800000000)
  region size 1024K, 1 young (1024K), 1 survivors (1024K)
 Metaspace       used 91093K, capacity 92277K, committed 95620K, reserved 1130496K
  class space    used 12206K, capacity 12740K, committed 13900K, reserved 1048576K
}
Event: 4642.893 GC heap before
{Heap before GC invocations=232 (full 16):
 garbage-first heap   total 194560K, used 143151K [0x0000000740000000, 0x0000000800000000)
  region size 1024K, 60 young (61440K), 1 survivors (1024K)
 Metaspace       used 91170K, capacity 92341K, committed 95620K, reserved 1130496K
  class space    used 12206K, capacity 12740K, committed 13900K, reserved 1048576K
}
Event: 4642.896 GC heap after
{Heap after GC invocations=233 (full 16):
 garbage-first heap   total 194560K, used 83202K [0x0000000740000000, 0x0000000800000000)
  region size 1024K, 2 young (2048K), 2 survivors (2048K)
 Metaspace       used 91170K, capacity 92341K, committed 95620K, reserved 1130496K
  class space    used 12206K, capacity 12740K, committed 13900K, reserved 1048576K
}
Event: 4653.216 GC heap before
{Heap before GC invocations=233 (full 16):
 garbage-first heap   total 194560K, used 142594K [0x0000000740000000, 0x0000000800000000)
  region size 1024K, 60 young (61440K), 2 survivors (2048K)
 Metaspace       used 91206K, capacity 92406K, committed 95620K, reserved 1130496K
  class space    used 12213K, capacity 12740K, committed 13900K, reserved 1048576K
}
Event: 4653.219 GC heap after
{Heap after GC invocations=234 (full 16):
 garbage-first heap   total 194560K, used 82948K [0x0000000740000000, 0x0000000800000000)
  region size 1024K, 1 young (1024K), 1 survivors (1024K)
 Metaspace       used 91206K, capacity 92406K, committed 95620K, reserved 1130496K
  class space    used 12213K, capacity 12740K, committed 13900K, reserved 1048576K
}

